<?xml version="1.0" encoding="UTF-8"?>
<testsuite name="com.group.libaryapp.JunitTest" tests="2" skipped="0" failures="0" errors="0" timestamp="2023-02-17T06:43:53" hostname="krustui-MacBookPro-29.local" time="0.007">
  <properties/>
  <testcase name="test1()" classname="com.group.libaryapp.JunitTest" time="0.006"/>
  <testcase name="test2()" classname="com.group.libaryapp.JunitTest" time="0.0"/>
  <system-out><![CDATA[모든 테스트 시작 전
각 테스트 시작 전
테스트 1
각 테스트 시작 후
각 테스트 시작 전
테스트 2
각 테스트 시작 후
각 테스트 시작 후
]]></system-out>
  <system-err><![CDATA[]]></system-err>
</testsuite>
